<?xml version="1.0" encoding="UTF-8"?>
<testng-results ignored="0" total="1" passed="1" failed="0" skipped="0">
  <reporter-output>
  </reporter-output>
  <suite started-at="2024-02-03T09:27:55 CST" name="Default suite" finished-at="2024-02-03T09:28:01 CST" duration-ms="6305">
    <groups>
    </groups>
    <test started-at="2024-02-03T09:27:55 CST" name="Default test" finished-at="2024-02-03T09:28:01 CST" duration-ms="6305">
      <class name="com.inetBanking.testCases.TestCase1">
        <test-method is-config="true" signature="setup()[pri:0, instance:com.inetBanking.testCases.TestCase1@609e8838]" started-at="2024-02-03T09:27:55 CST" name="setup" finished-at="2024-02-03T09:27:59 CST" duration-ms="4164" status="PASS">
          <reporter-output>
          </reporter-output>
        </test-method> <!-- setup -->
        <test-method signature="loginTest()[pri:0, instance:com.inetBanking.testCases.TestCase1@609e8838]" started-at="2024-02-03T09:27:59 CST" name="loginTest" finished-at="2024-02-03T09:28:01 CST" duration-ms="1442" status="PASS">
          <reporter-output>
          </reporter-output>
        </test-method> <!-- loginTest -->
        <test-method is-config="true" signature="teardown()[pri:0, instance:com.inetBanking.testCases.TestCase1@609e8838]" started-at="2024-02-03T09:28:01 CST" name="teardown" finished-at="2024-02-03T09:28:01 CST" duration-ms="654" status="PASS">
          <reporter-output>
          </reporter-output>
        </test-method> <!-- teardown -->
      </class> <!-- com.inetBanking.testCases.TestCase1 -->
    </test> <!-- Default test -->
  </suite> <!-- Default suite -->
</testng-results>
