<?xml version="1.0" encoding="UTF-8"?>
<testng-results ignored="0" total="1" passed="1" failed="0" skipped="0">
  <reporter-output>
  </reporter-output>
  <suite started-at="2024-02-01T18:43:45 CST" name="Default suite" finished-at="2024-02-01T18:43:51 CST" duration-ms="5595">
    <groups>
    </groups>
    <test started-at="2024-02-01T18:43:45 CST" name="Default test" finished-at="2024-02-01T18:43:51 CST" duration-ms="5595">
      <class name="com.inetBanking.testCases.TestCase1">
        <test-method is-config="true" signature="setup()[pri:0, instance:com.inetBanking.testCases.TestCase1@609e8838]" started-at="2024-02-01T18:43:45 CST" name="setup" finished-at="2024-02-01T18:43:49 CST" duration-ms="3384" status="PASS">
          <reporter-output>
          </reporter-output>
        </test-method> <!-- setup -->
        <test-method signature="loginTest()[pri:0, instance:com.inetBanking.testCases.TestCase1@609e8838]" started-at="2024-02-01T18:43:49 CST" name="loginTest" finished-at="2024-02-01T18:43:50 CST" duration-ms="1558" status="PASS">
          <reporter-output>
          </reporter-output>
        </test-method> <!-- loginTest -->
        <test-method is-config="true" signature="teardown()[pri:0, instance:com.inetBanking.testCases.TestCase1@609e8838]" started-at="2024-02-01T18:43:50 CST" name="teardown" finished-at="2024-02-01T18:43:51 CST" duration-ms="606" status="PASS">
          <reporter-output>
          </reporter-output>
        </test-method> <!-- teardown -->
      </class> <!-- com.inetBanking.testCases.TestCase1 -->
    </test> <!-- Default test -->
  </suite> <!-- Default suite -->
</testng-results>
